<?xml version="1.0" encoding="UTF-8"?>
<!-- Generated by org.testng.reporters.JUnitReportReporter -->
<testsuite hostname="RajKishore" name="test.YahooMailTest" tests="2" failures="0" timestamp="4 Nov 2016 19:11:04 GMT" time="0.003" errors="0">
  <testcase name="testSendMail" time="0.002" classname="test.YahooMailTest"/>
  <testcase name="testReceiveMail" time="0.001" classname="test.YahooMailTest"/>
</testsuite> <!-- test.YahooMailTest -->
