<?xml version="1.0" encoding="UTF-8"?>
<!-- Generated by org.testng.reporters.JUnitReportReporter -->
<testsuite hostname="RajKishore" name="test.RegTest" tests="2" failures="0" timestamp="27 Apr 2016 09:08:39 GMT" time="0.014" errors="0">
  <testcase name="doRegister" time="0.013" classname="test.RegTest"/>
  <testcase name="doRegister" time="0.001" classname="test.RegTest"/>
</testsuite> <!-- test.RegTest -->
