<?xml version="1.0" encoding="UTF-8"?>
<!-- Generated by org.testng.reporters.JUnitReportReporter -->
<testsuite hostname="RajKishore" name="test.YahooRegistrationTest_Parameterization" tests="3" failures="0" timestamp="4 Nov 2016 19:11:04 GMT" time="0.001" errors="0">
  <testcase name="testRegister" time="0.000" classname="test.YahooRegistrationTest_Parameterization"/>
  <testcase name="testRegister" time="0.000" classname="test.YahooRegistrationTest_Parameterization"/>
  <testcase name="testRegister" time="0.001" classname="test.YahooRegistrationTest_Parameterization"/>
</testsuite> <!-- test.YahooRegistrationTest_Parameterization -->
