<?xml version="1.0" encoding="UTF-8"?>
<!-- Generated by org.testng.reporters.JUnitReportReporter -->
<testsuite hostname="RajKishore" name="test.YahooNewsTest" tests="1" failures="0" timestamp="4 Nov 2016 19:11:04 GMT" time="0.003" errors="0">
  <testcase name="testNews" time="0.003" classname="test.YahooNewsTest"/>
</testsuite> <!-- test.YahooNewsTest -->
