<?xml version="1.0" encoding="UTF-8"?>
<!-- Generated by org.testng.reporters.JUnitReportReporter -->
<testsuite hostname="RajKishore" name="test.Priority_of_Executing_Testcases" tests="3" failures="0" timestamp="27 Apr 2016 03:18:56 GMT" time="0.018" errors="0">
  <testcase name="testLogin" time="0.014" classname="test.Priority_of_Executing_Testcases"/>
  <testcase name="testLogout" time="0.003" classname="test.Priority_of_Executing_Testcases"/>
  <testcase name="testChangePassword" time="0.001" classname="test.Priority_of_Executing_Testcases"/>
</testsuite> <!-- test.Priority_of_Executing_Testcases -->
