<?xml version="1.0" encoding="UTF-8"?>
<!-- Generated by org.testng.reporters.JUnitReportReporter -->
<testsuite hostname="RajKishore" name="test.Sample" tests="4" failures="0" timestamp="27 Apr 2016 10:40:52 GMT" time="0.016" errors="0">
  <testcase name="testLogin" time="0.013" classname="test.Sample"/>
  <testcase name="testChangePassword" time="0.001" classname="test.Sample"/>
  <testcase name="testLogout" time="0.001" classname="test.Sample"/>
  <testcase name="testLogin" time="0.001" classname="test.Sample"/>
</testsuite> <!-- test.Sample -->
