<?xml version="1.0" encoding="UTF-8"?>
<!-- Generated by org.testng.reporters.JUnitReportReporter -->
<testsuite hostname="RajKishore" name="testng_listeners.LoginTest" tests="2" failures="0" timestamp="29 Apr 2016 15:04:42 GMT" time="0.023" errors="0">
  <testcase name="login" time="0.021" classname="testng_listeners.LoginTest"/>
  <testcase name="adminLogin" time="0.002" classname="testng_listeners.LoginTest"/>
</testsuite> <!-- testng_listeners.LoginTest -->
