<?xml version="1.0" encoding="UTF-8"?>
<!-- Generated by org.testng.reporters.JUnitReportReporter -->
<testsuite hostname="RajKishore" name="test.Testcases" tests="4" failures="0" timestamp="27 Apr 2016 12:45:32 GMT" time="0.013" errors="0">
  <testcase name="testA" time="0.010" classname="test.Testcases"/>
  <testcase name="testB" time="0.001" classname="test.Testcases"/>
  <testcase name="testA" time="0.001" classname="test.Testcases"/>
  <testcase name="testB" time="0.001" classname="test.Testcases"/>
</testsuite> <!-- test.Testcases -->
